Copyright 1986-2020 Xilinx, Inc. All Rights Reserved.
---------------------------------------------------------------------------------------------------------------------------------------------------------------------------------------------
| Tool Version : Vivado v.2020.2 (win64) Build 3064766 Wed Nov 18 09:12:45 MST 2020
| Date         : Thu Jul  2 20:16:04 2026
| Host         : DESKTOP-F81OJT8 running 64-bit major release  (build 9200)
| Command      : report_utilization -hierarchical -file {C:/Users/YangGeon/SNN ECG Classifier/results/final_membrane_v2_snn/vivado_snn_ecg_v2/reports/snn_ecg_v2_synth_utilization_hier.rpt}
| Design       : snn_ecg_v2_nexys_a7_top
| Device       : 7a100tcsg324-1
| Design State : Synthesized
---------------------------------------------------------------------------------------------------------------------------------------------------------------------------------------------

Utilization Design Information

Table of Contents
-----------------
1. Utilization by Hierarchy

1. Utilization by Hierarchy
---------------------------

+-----------------------------+----------------------------+------------+------------+---------+------+------+--------+--------+------------+
|           Instance          |           Module           | Total LUTs | Logic LUTs | LUTRAMs | SRLs |  FFs | RAMB36 | RAMB18 | DSP Blocks |
+-----------------------------+----------------------------+------------+------------+---------+------+------+--------+--------+------------+
| snn_ecg_v2_nexys_a7_top     |                      (top) |      21478 |      21442 |       0 |   36 | 2802 |      0 |      0 |          0 |
|   (snn_ecg_v2_nexys_a7_top) |                      (top) |       5441 |       5441 |       0 |    0 |   30 |      0 |      0 |          0 |
|   u_dut                     |    snn_ecg_30min_final_top |      16197 |      16161 |       0 |   36 | 2772 |      0 |      0 |          0 |
|     (u_dut)                 |    snn_ecg_30min_final_top |        142 |        142 |       0 |    0 |  402 |      0 |      0 |          0 |
|     u_final                 |       final_membrane_layer |       1901 |       1901 |       0 |    0 |  350 |      0 |      0 |          0 |
|     u_snapshot              |          snn_ecg_3feat_top |      14157 |      14121 |       0 |   36 | 2020 |      0 |      0 |          0 |
|       (u_snapshot)          |          snn_ecg_3feat_top |          1 |          1 |       0 |    0 |    2 |      0 |      0 |          0 |
|       u_class               |        class_score_neurons |       9264 |       9264 |       0 |    0 | 1018 |      0 |      0 |          0 |
|       u_dscr                |         dscr_spike_counter |        318 |        318 |       0 |    0 |   77 |      0 |      0 |          0 |
|       u_ectopic             |        ectopic_pair_neuron |        119 |        119 |       0 |    0 |   17 |      0 |      0 |          0 |
|       u_event_encoder       | ecg_event_encoder_adaptive |        273 |        273 |       0 |    0 |  237 |      0 |      0 |          0 |
|       u_pnn                 |       pnn_rhythm_predictor |        350 |        350 |       0 |    0 |   66 |      0 |      0 |          0 |
|       u_qrs_detector        |           qrs_lif_detector |         46 |         46 |       0 |    0 |   21 |      0 |      0 |          0 |
|       u_qrs_maf             |             qrs_maf_neuron |        864 |        828 |       0 |   36 |  388 |      0 |      0 |          0 |
|       u_ram                 |       ram_peak_accumulator |        446 |        446 |       0 |    0 |   28 |      0 |      0 |          0 |
|       u_rbbb_qrs_delay      |        rbbb_qrs_delay_bank |        215 |        215 |       0 |    0 |   87 |      0 |      0 |          0 |
|       u_rdm                 |     rdm_variability_neuron |       2376 |       2376 |       0 |    0 |   79 |      0 |      0 |          0 |
+-----------------------------+----------------------------+------------+------------+---------+------+------+--------+--------+------------+


