Copyright 1986-2020 Xilinx, Inc. All Rights Reserved.
--------------------------------------------------------------------------------------------------------------------------------------------------------------------------
| Tool Version : Vivado v.2020.2 (win64) Build 3064766 Wed Nov 18 09:12:45 MST 2020
| Date         : Thu Jul  2 20:19:03 2026
| Host         : DESKTOP-F81OJT8 running 64-bit major release  (build 9200)
| Command      : report_timing_summary -file {C:/Users/YangGeon/SNN ECG Classifier/results/final_membrane_v2_snn/vivado_snn_ecg_v2/reports/snn_ecg_v2_timing_summary.rpt}
| Design       : snn_ecg_v2_nexys_a7_top
| Device       : 7a100t-csg324
| Speed File   : -1  PRODUCTION 1.23 2018-06-13
--------------------------------------------------------------------------------------------------------------------------------------------------------------------------

Timing Summary Report

------------------------------------------------------------------------------------------------
| Timer Settings
| --------------
------------------------------------------------------------------------------------------------

  Enable Multi Corner Analysis               :  Yes
  Enable Pessimism Removal                   :  Yes
  Pessimism Removal Resolution               :  Nearest Common Node
  Enable Input Delay Default Clock           :  No
  Enable Preset / Clear Arcs                 :  No
  Disable Flight Delays                      :  No
  Ignore I/O Paths                           :  No
  Timing Early Launch at Borrowing Latches   :  No
  Borrow Time for Max Delay Exceptions       :  Yes
  Merge Timing Exceptions                    :  Yes

  Corner  Analyze    Analyze    
  Name    Max Paths  Min Paths  
  ------  ---------  ---------  
  Slow    Yes        Yes        
  Fast    Yes        Yes        



check_timing report

Table of Contents
-----------------
1. checking no_clock (0)
2. checking constant_clock (0)
3. checking pulse_width_clock (0)
4. checking unconstrained_internal_endpoints (0)
5. checking no_input_delay (2)
6. checking no_output_delay (16)
7. checking multiple_clock (0)
8. checking generated_clocks (0)
9. checking loops (0)
10. checking partial_input_delay (0)
11. checking partial_output_delay (0)
12. checking latch_loops (0)

1. checking no_clock (0)
------------------------
 There are 0 register/latch pins with no clock.


2. checking constant_clock (0)
------------------------------
 There are 0 register/latch pins with constant_clock.


3. checking pulse_width_clock (0)
---------------------------------
 There are 0 register/latch pins which need pulse_width check


4. checking unconstrained_internal_endpoints (0)
------------------------------------------------
 There are 0 pins that are not constrained for maximum delay.

 There are 0 pins that are not constrained for maximum delay due to constant clock.


5. checking no_input_delay (2)
------------------------------
 There are 2 input ports with no input delay specified. (HIGH)

 There are 0 input ports with no input delay but user has a false path constraint.


6. checking no_output_delay (16)
--------------------------------
 There are 16 ports with no output delay specified. (HIGH)

 There are 0 ports with no output delay but user has a false path constraint

 There are 0 ports with no output delay but with a timing clock defined on it or propagating through it


7. checking multiple_clock (0)
------------------------------
 There are 0 register/latch pins with multiple clocks.


8. checking generated_clocks (0)
--------------------------------
 There are 0 generated clocks that are not connected to a clock source.


9. checking loops (0)
---------------------
 There are 0 combinational loops in the design.


10. checking partial_input_delay (0)
------------------------------------
 There are 0 input ports with partial input delay specified.


11. checking partial_output_delay (0)
-------------------------------------
 There are 0 ports with partial output delay specified.


12. checking latch_loops (0)
----------------------------
 There are 0 combinational latch loops in the design through latch input



------------------------------------------------------------------------------------------------
| Design Timing Summary
| ---------------------
------------------------------------------------------------------------------------------------

    WNS(ns)      TNS(ns)  TNS Failing Endpoints  TNS Total Endpoints      WHS(ns)      THS(ns)  THS Failing Endpoints  THS Total Endpoints     WPWS(ns)     TPWS(ns)  TPWS Failing Endpoints  TPWS Total Endpoints  
    -------      -------  ---------------------  -------------------      -------      -------  ---------------------  -------------------     --------     --------  ----------------------  --------------------  
      7.873        0.000                      0                 7195        0.032        0.000                      0                 7195        4.500        0.000                       0                  2840  


All user specified timing constraints are met.


------------------------------------------------------------------------------------------------
| Clock Summary
| -------------
------------------------------------------------------------------------------------------------

Clock            Waveform(ns)         Period(ns)      Frequency(MHz)
-----            ------------         ----------      --------------
sys_clk_pin      {0.000 5.000}        10.000          100.000         
  core_clk_1mhz  {0.000 500.000}      1000.000        1.000           


------------------------------------------------------------------------------------------------
| Intra Clock Table
| -----------------
------------------------------------------------------------------------------------------------

Clock                WNS(ns)      TNS(ns)  TNS Failing Endpoints  TNS Total Endpoints      WHS(ns)      THS(ns)  THS Failing Endpoints  THS Total Endpoints     WPWS(ns)     TPWS(ns)  TPWS Failing Endpoints  TPWS Total Endpoints  
-----                -------      -------  ---------------------  -------------------      -------      -------  ---------------------  -------------------     --------     --------  ----------------------  --------------------  
sys_clk_pin            7.873        0.000                      0                   15        0.139        0.000                      0                   15        4.500        0.000                       0                    10  
  core_clk_1mhz      896.331        0.000                      0                 7180        0.032        0.000                      0                 7180      499.020        0.000                       0                  2830  


------------------------------------------------------------------------------------------------
| Inter Clock Table
| -----------------
------------------------------------------------------------------------------------------------

From Clock    To Clock          WNS(ns)      TNS(ns)  TNS Failing Endpoints  TNS Total Endpoints      WHS(ns)      THS(ns)  THS Failing Endpoints  THS Total Endpoints  
----------    --------          -------      -------  ---------------------  -------------------      -------      -------  ---------------------  -------------------  


------------------------------------------------------------------------------------------------
| Other Path Groups Table
| -----------------------
------------------------------------------------------------------------------------------------

Path Group    From Clock    To Clock          WNS(ns)      TNS(ns)  TNS Failing Endpoints  TNS Total Endpoints      WHS(ns)      THS(ns)  THS Failing Endpoints  THS Total Endpoints  
----------    ----------    --------          -------      -------  ---------------------  -------------------      -------      -------  ---------------------  -------------------  


------------------------------------------------------------------------------------------------
| Timing Details
| --------------
------------------------------------------------------------------------------------------------


---------------------------------------------------------------------------------------------------
From Clock:  sys_clk_pin
  To Clock:  sys_clk_pin

Setup :            0  Failing Endpoints,  Worst Slack        7.873ns,  Total Violation        0.000ns
Hold  :            0  Failing Endpoints,  Worst Slack        0.139ns,  Total Violation        0.000ns
PW    :            0  Failing Endpoints,  Worst Slack        4.500ns,  Total Violation        0.000ns
---------------------------------------------------------------------------------------------------


Max Delay Paths
--------------------------------------------------------------------------------------
Slack (MET) :             7.873ns  (required time - arrival time)
  Source:                 core_div_reg[1]/C
                            (rising edge-triggered cell FDRE clocked by sys_clk_pin  {rise@0.000ns fall@5.000ns period=10.000ns})
  Destination:            core_clk_raw_reg/D
                            (rising edge-triggered cell FDRE clocked by sys_clk_pin  {rise@0.000ns fall@5.000ns period=10.000ns})
  Path Group:             sys_clk_pin
  Path Type:              Setup (Max at Slow Process Corner)
  Requirement:            10.000ns  (sys_clk_pin rise@10.000ns - sys_clk_pin rise@0.000ns)
  Data Path Delay:        2.099ns  (logic 0.766ns (36.497%)  route 1.333ns (63.503%))
  Logic Levels:           2  (LUT2=1 LUT6=1)
  Clock Path Skew:        -0.022ns (DCD - SCD + CPR)
    Destination Clock Delay (DCD):    4.936ns = ( 14.936 - 10.000 ) 
    Source Clock Delay      (SCD):    5.237ns
    Clock Pessimism Removal (CPR):    0.279ns
  Clock Uncertainty:      0.035ns  ((TSJ^2 + TIJ^2)^1/2 + DJ) / 2 + PE
    Total System Jitter     (TSJ):    0.071ns
    Total Input Jitter      (TIJ):    0.000ns
    Discrete Jitter          (DJ):    0.000ns
    Phase Error              (PE):    0.000ns

    Location             Delay type                Incr(ns)  Path(ns)    Netlist Resource(s)
  -------------------------------------------------------------------    -------------------
                         (clock sys_clk_pin rise edge)
                                                      0.000     0.000 r  
    E3                                                0.000     0.000 r  CLK100MHZ (IN)
                         net (fo=0)                   0.000     0.000    CLK100MHZ
    E3                   IBUF (Prop_ibuf_I_O)         1.482     1.482 r  CLK100MHZ_IBUF_inst/O
                         net (fo=1, routed)           2.025     3.506    CLK100MHZ_IBUF
    BUFGCTRL_X0Y16       BUFG (Prop_bufg_I_O)         0.096     3.602 r  CLK100MHZ_IBUF_BUFG_inst/O
                         net (fo=9, routed)           1.634     5.237    CLK100MHZ_IBUF_BUFG
    SLICE_X46Y96         FDRE                                         r  core_div_reg[1]/C
  -------------------------------------------------------------------    -------------------
    SLICE_X46Y96         FDRE (Prop_fdre_C_Q)         0.518     5.755 f  core_div_reg[1]/Q
                         net (fo=6, routed)           0.668     6.423    core_div_reg_n_0_[1]
    SLICE_X47Y96         LUT2 (Prop_lut2_I0_O)        0.124     6.547 r  core_clk_raw_i_2/O
                         net (fo=1, routed)           0.665     7.211    core_clk_raw_i_2_n_0
    SLICE_X47Y96         LUT6 (Prop_lut6_I3_O)        0.124     7.335 r  core_clk_raw_i_1/O
                         net (fo=1, routed)           0.000     7.335    core_clk_raw_i_1_n_0
    SLICE_X47Y96         FDRE                                         r  core_clk_raw_reg/D
  -------------------------------------------------------------------    -------------------

                         (clock sys_clk_pin rise edge)
                                                     10.000    10.000 r  
    E3                                                0.000    10.000 r  CLK100MHZ (IN)
                         net (fo=0)                   0.000    10.000    CLK100MHZ
    E3                   IBUF (Prop_ibuf_I_O)         1.411    11.411 r  CLK100MHZ_IBUF_inst/O
                         net (fo=1, routed)           1.920    13.331    CLK100MHZ_IBUF
    BUFGCTRL_X0Y16       BUFG (Prop_bufg_I_O)         0.091    13.422 r  CLK100MHZ_IBUF_BUFG_inst/O
                         net (fo=9, routed)           1.513    14.936    CLK100MHZ_IBUF_BUFG
    SLICE_X47Y96         FDRE                                         r  core_clk_raw_reg/C
                         clock pessimism              0.279    15.215    
                         clock uncertainty           -0.035    15.179    
    SLICE_X47Y96         FDRE (Setup_fdre_C_D)        0.029    15.208    core_clk_raw_reg
  -------------------------------------------------------------------
                         required time                         15.208    
                         arrival time                          -7.335    
  -------------------------------------------------------------------
                         slack                                  7.873    





Min Delay Paths
--------------------------------------------------------------------------------------
Slack (MET) :             0.139ns  (arrival time - required time)
  Source:                 core_div_reg[5]/C
                            (rising edge-triggered cell FDRE clocked by sys_clk_pin  {rise@0.000ns fall@5.000ns period=10.000ns})
  Destination:            core_div_reg[4]/D
                            (rising edge-triggered cell FDRE clocked by sys_clk_pin  {rise@0.000ns fall@5.000ns period=10.000ns})
  Path Group:             sys_clk_pin
  Path Type:              Hold (Min at Fast Process Corner)
  Requirement:            0.000ns  (sys_clk_pin rise@0.000ns - sys_clk_pin rise@0.000ns)
  Data Path Delay:        0.273ns  (logic 0.186ns (68.028%)  route 0.087ns (31.972%))
  Logic Levels:           1  (LUT6=1)
  Clock Path Skew:        0.013ns (DCD - SCD - CPR)
    Destination Clock Delay (DCD):    2.002ns
    Source Clock Delay      (SCD):    1.485ns
    Clock Pessimism Removal (CPR):    0.503ns

    Location             Delay type                Incr(ns)  Path(ns)    Netlist Resource(s)
  -------------------------------------------------------------------    -------------------
                         (clock sys_clk_pin rise edge)
                                                      0.000     0.000 r  
    E3                                                0.000     0.000 r  CLK100MHZ (IN)
                         net (fo=0)                   0.000     0.000    CLK100MHZ
    E3                   IBUF (Prop_ibuf_I_O)         0.250     0.250 r  CLK100MHZ_IBUF_inst/O
                         net (fo=1, routed)           0.644     0.894    CLK100MHZ_IBUF
    BUFGCTRL_X0Y16       BUFG (Prop_bufg_I_O)         0.026     0.920 r  CLK100MHZ_IBUF_BUFG_inst/O
                         net (fo=9, routed)           0.566     1.485    CLK100MHZ_IBUF_BUFG
    SLICE_X47Y96         FDRE                                         r  core_div_reg[5]/C
  -------------------------------------------------------------------    -------------------
    SLICE_X47Y96         FDRE (Prop_fdre_C_Q)         0.141     1.626 f  core_div_reg[5]/Q
                         net (fo=4, routed)           0.087     1.714    core_div_reg_n_0_[5]
    SLICE_X46Y96         LUT6 (Prop_lut6_I5_O)        0.045     1.759 r  core_div[4]_i_1/O
                         net (fo=1, routed)           0.000     1.759    core_div[4]
    SLICE_X46Y96         FDRE                                         r  core_div_reg[4]/D
  -------------------------------------------------------------------    -------------------

                         (clock sys_clk_pin rise edge)
                                                      0.000     0.000 r  
    E3                                                0.000     0.000 r  CLK100MHZ (IN)
                         net (fo=0)                   0.000     0.000    CLK100MHZ
    E3                   IBUF (Prop_ibuf_I_O)         0.438     0.438 r  CLK100MHZ_IBUF_inst/O
                         net (fo=1, routed)           0.699     1.136    CLK100MHZ_IBUF
    BUFGCTRL_X0Y16       BUFG (Prop_bufg_I_O)         0.029     1.165 r  CLK100MHZ_IBUF_BUFG_inst/O
                         net (fo=9, routed)           0.837     2.002    CLK100MHZ_IBUF_BUFG
    SLICE_X46Y96         FDRE                                         r  core_div_reg[4]/C
                         clock pessimism             -0.503     1.498    
    SLICE_X46Y96         FDRE (Hold_fdre_C_D)         0.121     1.619    core_div_reg[4]
  -------------------------------------------------------------------
                         required time                         -1.619    
                         arrival time                           1.759    
  -------------------------------------------------------------------
                         slack                                  0.139    





Pulse Width Checks
--------------------------------------------------------------------------------------
Clock Name:         sys_clk_pin
Waveform(ns):       { 0.000 5.000 }
Period(ns):         10.000
Sources:            { CLK100MHZ }

Check Type        Corner  Lib Pin  Reference Pin  Required(ns)  Actual(ns)  Slack(ns)  Location        Pin
Min Period        n/a     BUFG/I   n/a            2.155         10.000      7.845      BUFGCTRL_X0Y16  CLK100MHZ_IBUF_BUFG_inst/I
Low Pulse Width   Slow    FDRE/C   n/a            0.500         5.000       4.500      SLICE_X47Y96    core_clk_raw_reg/C
High Pulse Width  Slow    FDRE/C   n/a            0.500         5.000       4.500      SLICE_X47Y96    core_clk_raw_reg/C



---------------------------------------------------------------------------------------------------
From Clock:  core_clk_1mhz
  To Clock:  core_clk_1mhz

Setup :            0  Failing Endpoints,  Worst Slack      896.331ns,  Total Violation        0.000ns
Hold  :            0  Failing Endpoints,  Worst Slack        0.032ns,  Total Violation        0.000ns
PW    :            0  Failing Endpoints,  Worst Slack      499.020ns,  Total Violation        0.000ns
---------------------------------------------------------------------------------------------------


Max Delay Paths
--------------------------------------------------------------------------------------
Slack (MET) :             896.331ns  (required time - arrival time)
  Source:                 u_dut/u_snapshot/u_rdm/rdm_level_spike_reg[10]/C
                            (rising edge-triggered cell FDRE clocked by core_clk_1mhz  {rise@0.000ns fall@500.000ns period=1000.000ns})
  Destination:            u_dut/u_snapshot/u_class/pred_class_reg[0]/D
                            (rising edge-triggered cell FDRE clocked by core_clk_1mhz  {rise@0.000ns fall@500.000ns period=1000.000ns})
  Path Group:             core_clk_1mhz
  Path Type:              Setup (Max at Slow Process Corner)
  Requirement:            1000.000ns  (core_clk_1mhz rise@1000.000ns - core_clk_1mhz rise@0.000ns)
  Data Path Delay:        103.631ns  (logic 22.744ns (21.947%)  route 80.887ns (78.053%))
  Logic Levels:           89  (CARRY4=51 LUT1=1 LUT2=2 LUT3=7 LUT4=7 LUT5=9 LUT6=11 MUXF7=1)
  Clock Path Skew:        -0.032ns (DCD - SCD + CPR)
    Destination Clock Delay (DCD):    7.825ns = ( 1007.825 - 1000.000 ) 
    Source Clock Delay      (SCD):    8.439ns
    Clock Pessimism Removal (CPR):    0.582ns
  Clock Uncertainty:      0.035ns  ((TSJ^2 + TIJ^2)^1/2 + DJ) / 2 + PE
    Total System Jitter     (TSJ):    0.071ns
    Total Input Jitter      (TIJ):    0.000ns
    Discrete Jitter          (DJ):    0.000ns
    Phase Error              (PE):    0.000ns

    Location             Delay type                Incr(ns)  Path(ns)    Netlist Resource(s)
  -------------------------------------------------------------------    -------------------
                         (clock core_clk_1mhz rise edge)
                                                      0.000     0.000 r  
    E3                                                0.000     0.000 r  CLK100MHZ (IN)
                         net (fo=0)                   0.000     0.000    CLK100MHZ
    E3                   IBUF (Prop_ibuf_I_O)         1.482     1.482 r  CLK100MHZ_IBUF_inst/O
                         net (fo=1, routed)           2.025     3.506    CLK100MHZ_IBUF
    BUFGCTRL_X0Y16       BUFG (Prop_bufg_I_O)         0.096     3.602 r  CLK100MHZ_IBUF_BUFG_inst/O
                         net (fo=9, routed)           1.634     5.237    CLK100MHZ_IBUF_BUFG
    SLICE_X47Y96         FDRE (Prop_fdre_C_Q)         0.456     5.693 r  core_clk_raw_reg/Q
                         net (fo=2, routed)           0.859     6.552    core_clk_raw
    BUFGCTRL_X0Y0        BUFG (Prop_bufg_I_O)         0.096     6.648 r  u_core_clk_buf/O
                         net (fo=2830, routed)        1.791     8.439    u_dut/u_snapshot/u_rdm/core_clk
    SLICE_X35Y173        FDRE                                         r  u_dut/u_snapshot/u_rdm/rdm_level_spike_reg[10]/C
  -------------------------------------------------------------------    -------------------
    SLICE_X35Y173        FDRE (Prop_fdre_C_Q)         0.456     8.895 f  u_dut/u_snapshot/u_rdm/rdm_level_spike_reg[10]/Q
                         net (fo=208, routed)         7.471    16.366    u_dut/u_snapshot/u_rdm/rdm_level_spike_reg_n_0_[10]
    SLICE_X72Y118        LUT3 (Prop_lut3_I2_O)        0.154    16.520 r  u_dut/u_snapshot/u_rdm/rdm_code_seg_sum[0]_i_23/O
                         net (fo=5, routed)           2.571    19.091    u_dut/u_snapshot/u_rdm/rdm_code_seg_sum[0]_i_23_n_0
    SLICE_X78Y162        LUT6 (Prop_lut6_I2_O)        0.327    19.418 r  u_dut/u_snapshot/u_rdm/rdm_code_seg_sum[0]_i_13/O
                         net (fo=15, routed)          1.730    21.148    u_dut/u_snapshot/u_rdm/rdm_code_seg_sum[0]_i_13_n_0
    SLICE_X73Y156        LUT5 (Prop_lut5_I4_O)        0.124    21.272 r  u_dut/u_snapshot/u_rdm/rdm_code_seg_sum[0]_i_8/O
                         net (fo=123, routed)         5.140    26.412    u_dut/u_snapshot/u_rdm/rdm_level_spike_reg[2]_rep_0
    SLICE_X65Y108        LUT5 (Prop_lut5_I4_O)        0.152    26.564 r  u_dut/u_snapshot/u_rdm/local_chf[15]_i_66/O
                         net (fo=1, routed)           0.486    27.050    u_dut/u_snapshot/u_rdm/local_chf[15]_i_66_n_0
    SLICE_X66Y108        CARRY4 (Prop_carry4_DI[2]_CO[3])
                                                      0.606    27.656 r  u_dut/u_snapshot/u_rdm/local_chf_reg[15]_i_45/CO[3]
                         net (fo=1, routed)           0.000    27.656    u_dut/u_snapshot/u_rdm/local_chf_reg[15]_i_45_n_0
    SLICE_X66Y109        CARRY4 (Prop_carry4_CI_O[0])
                                                      0.219    27.875 r  u_dut/u_snapshot/u_rdm/local_chf_reg[19]_i_42/O[0]
                         net (fo=2, routed)           0.773    28.648    u_dut/u_snapshot/u_rdm/local_chf_reg[19]_i_42_n_7
    SLICE_X70Y107        LUT6 (Prop_lut6_I5_O)        0.295    28.943 r  u_dut/u_snapshot/u_rdm/local_chf[15]_i_26/O
                         net (fo=2, routed)           0.815    29.758    u_dut/u_snapshot/u_rdm/local_chf[15]_i_26_n_0
    SLICE_X69Y108        LUT6 (Prop_lut6_I0_O)        0.124    29.882 r  u_dut/u_snapshot/u_rdm/local_chf[15]_i_30/O
                         net (fo=1, routed)           0.000    29.882    u_dut/u_snapshot/u_rdm/local_chf[15]_i_30_n_0
    SLICE_X69Y108        CARRY4 (Prop_carry4_S[2]_CO[3])
                                                      0.398    30.280 r  u_dut/u_snapshot/u_rdm/local_chf_reg[15]_i_14/CO[3]
                         net (fo=1, routed)           0.000    30.280    u_dut/u_snapshot/u_rdm/local_chf_reg[15]_i_14_n_0
    SLICE_X69Y109        CARRY4 (Prop_carry4_CI_CO[3])
                                                      0.114    30.394 r  u_dut/u_snapshot/u_rdm/local_chf_reg[19]_i_14/CO[3]
                         net (fo=1, routed)           0.000    30.394    u_dut/u_snapshot/u_rdm/local_chf_reg[19]_i_14_n_0
    SLICE_X69Y110        CARRY4 (Prop_carry4_CI_O[0])
                                                      0.222    30.616 r  u_dut/u_snapshot/u_rdm/local_chf_reg[23]_i_14/O[0]
                         net (fo=3, routed)           1.144    31.760    u_dut/u_snapshot/u_class/local_chf_reg[23]_2[0]
    SLICE_X63Y112        LUT3 (Prop_lut3_I2_O)        0.299    32.059 r  u_dut/u_snapshot/u_class/local_chf[19]_i_12/O
                         net (fo=2, routed)           1.132    33.191    u_dut/u_snapshot/u_class/local_chf[19]_i_12_n_0
    SLICE_X69Y114        LUT5 (Prop_lut5_I1_O)        0.124    33.315 r  u_dut/u_snapshot/u_class/local_chf[19]_i_4/O
                         net (fo=2, routed)           0.994    34.310    u_dut/u_snapshot/u_class/local_chf_reg[23]_i_15[1]
    SLICE_X67Y111        LUT6 (Prop_lut6_I0_O)        0.124    34.434 r  u_dut/u_snapshot/u_class/local_chf[19]_i_8/O
                         net (fo=1, routed)           0.000    34.434    u_dut/u_snapshot/u_pnn/local_chf_reg[19]_0[1]
    SLICE_X67Y111        CARRY4 (Prop_carry4_S[1]_O[2])
                                                      0.580    35.014 r  u_dut/u_snapshot/u_pnn/local_chf_reg[19]_i_1/O[2]
                         net (fo=2, routed)           0.742    35.755    u_dut/u_snapshot/u_class/local_chf_reg[31]_4[18]
    SLICE_X70Y112        CARRY4 (Prop_carry4_S[2]_CO[3])
                                                      0.682    36.437 r  u_dut/u_snapshot/u_class/score_chf_reg[16]_i_10/CO[3]
                         net (fo=1, routed)           0.000    36.437    u_dut/u_snapshot/u_class/score_chf_reg[16]_i_10_n_0
    SLICE_X70Y113        CARRY4 (Prop_carry4_CI_O[1])
                                                      0.323    36.760 r  u_dut/u_snapshot/u_class/score_chf_reg[20]_i_10/O[1]
                         net (fo=21, routed)          2.219    38.979    u_snapshot/u_class/p_15_out[21]
    SLICE_X72Y104        CARRY4 (Prop_carry4_DI[3]_CO[3])
                                                      0.567    39.546 r  score_chf_reg[16]_i_38/CO[3]
                         net (fo=1, routed)           0.000    39.546    score_chf_reg[16]_i_38_n_0
    SLICE_X72Y105        CARRY4 (Prop_carry4_CI_O[0])
                                                      0.222    39.768 r  score_chf_reg[20]_i_38/O[0]
                         net (fo=4, routed)           0.706    40.475    u_dut/u_snapshot/u_class/data7[23]
    SLICE_X73Y105        LUT2 (Prop_lut2_I0_O)        0.299    40.774 r  u_dut/u_snapshot/u_class/score_chf[20]_i_50/O
                         net (fo=1, routed)           0.000    40.774    u_dut/u_snapshot/u_class/score_chf[20]_i_50_n_0
    SLICE_X73Y105        CARRY4 (Prop_carry4_S[1]_CO[3])
                                                      0.550    41.324 r  u_dut/u_snapshot/u_class/score_chf_reg[20]_i_37/CO[3]
                         net (fo=1, routed)           0.000    41.324    u_dut/u_snapshot/u_class/score_chf_reg[20]_i_37_n_0
    SLICE_X73Y106        CARRY4 (Prop_carry4_CI_CO[3])
                                                      0.114    41.438 r  u_dut/u_snapshot/u_class/score_chf_reg[24]_i_38/CO[3]
                         net (fo=1, routed)           0.000    41.438    u_dut_n_2244
    SLICE_X73Y107        CARRY4 (Prop_carry4_CI_O[1])
                                                      0.334    41.772 r  score_chf_reg[28]_i_38/O[1]
                         net (fo=2, routed)           1.516    43.288    u_dut/u_snapshot/u_class/score_chf_reg[28]_i_11_0[1]
    SLICE_X61Y112        LUT6 (Prop_lut6_I0_O)        0.303    43.591 r  u_dut/u_snapshot/u_class/score_chf[28]_i_60/O
                         net (fo=1, routed)           1.238    44.830    u_dut/u_snapshot/u_class/score_chf[28]_i_60_n_0
    SLICE_X69Y115        LUT5 (Prop_lut5_I0_O)        0.124    44.954 r  u_dut/u_snapshot/u_class/score_chf[28]_i_58/O
                         net (fo=2, routed)           0.776    45.729    u_dut/u_snapshot/u_class/score_chf[28]_i_58_n_0
    SLICE_X74Y108        LUT6 (Prop_lut6_I5_O)        0.124    45.853 r  u_dut/u_snapshot/u_class/score_chf[28]_i_45/O
                         net (fo=1, routed)           0.000    45.853    u_dut/u_snapshot/u_class/score_chf[28]_i_45_n_0
    SLICE_X74Y108        CARRY4 (Prop_carry4_S[1]_O[1])
                                                      0.230    46.083 r  u_dut/u_snapshot/u_class/score_chf_reg[28]_i_22/O[1]
                         net (fo=4, routed)           1.869    47.952    u_dut/u_snapshot/u_class/data2[34]
    SLICE_X61Y112        LUT5 (Prop_lut5_I2_O)        0.306    48.258 r  u_dut/u_snapshot/u_class/score_chf[28]_i_26/O
                         net (fo=1, routed)           0.000    48.258    u_dut/u_snapshot/u_class/score_chf[28]_i_26_n_0
    SLICE_X61Y112        MUXF7 (Prop_muxf7_I1_O)      0.217    48.475 r  u_dut/u_snapshot/u_class/score_chf_reg[28]_i_13/O
                         net (fo=1, routed)           1.490    49.966    u_dut/u_snapshot/u_class/score_chf_reg[28]_i_13_n_0
    SLICE_X72Y118        LUT5 (Prop_lut5_I3_O)        0.299    50.265 r  u_dut/u_snapshot/u_class/score_chf[28]_i_7/O
                         net (fo=2, routed)           1.360    51.625    u_dut/u_snapshot/u_class/p_1_out[34]
    SLICE_X82Y105        LUT2 (Prop_lut2_I1_O)        0.124    51.749 r  u_dut/u_snapshot/u_class/c24_mem_arr[0]_i_62/O
                         net (fo=1, routed)           0.000    51.749    u_dut/u_snapshot/u_class/c24_mem_arr[0]_i_62_n_0
    SLICE_X82Y105        CARRY4 (Prop_carry4_S[2]_O[2])
                                                      0.248    51.997 r  u_dut/u_snapshot/u_class/c24_mem_arr_reg[0]_i_34/O[2]
                         net (fo=7, routed)           1.064    53.061    u_dut/u_snapshot/u_class/score_chf_next0[30]
    SLICE_X80Y105        LUT4 (Prop_lut4_I0_O)        0.302    53.363 r  u_dut/u_snapshot/u_class/c24_mem_arr[0]_i_11/O
                         net (fo=1, routed)           0.000    53.363    u_dut/u_snapshot/u_class/c24_mem_arr[0]_i_11_n_0
    SLICE_X80Y105        CARRY4 (Prop_carry4_S[3]_CO[3])
                                                      0.376    53.739 r  u_dut/u_snapshot/u_class/c24_mem_arr_reg[0]_i_2/CO[3]
                         net (fo=623, routed)        15.943    69.682    u_dut/u_snapshot/u_class/c24_mem_arr_reg[0]_i_2_n_0
    SLICE_X50Y183        LUT6 (Prop_lut6_I0_O)        0.124    69.806 r  u_dut/u_snapshot/u_class/c24_mem_chf[12]_i_11/O
                         net (fo=1, routed)           0.000    69.806    u_dut/u_snapshot/u_class/c24_mem_chf[12]_i_11_n_0
    SLICE_X50Y183        CARRY4 (Prop_carry4_S[0]_CO[3])
                                                      0.513    70.319 r  u_dut/u_snapshot/u_class/c24_mem_chf_reg[12]_i_6/CO[3]
                         net (fo=1, routed)           0.000    70.319    u_dut/u_snapshot/u_class/c24_mem_chf_reg[12]_i_6_n_0
    SLICE_X50Y184        CARRY4 (Prop_carry4_CI_O[2])
                                                      0.239    70.558 r  u_dut/u_snapshot/u_class/c24_mem_chf_reg[16]_i_5/O[2]
                         net (fo=1, routed)           1.413    71.972    u_dut/u_snapshot/u_class/c24_mem_chf_next0[15]
    SLICE_X62Y181        LUT6 (Prop_lut6_I3_O)        0.301    72.273 r  u_dut/u_snapshot/u_class/c24_mem_chf[15]_i_3/O
                         net (fo=4, routed)           1.819    74.092    u_dut/u_snapshot/u_class/c24_mem_chf[15]_i_3_n_0
    SLICE_X46Y180        LUT4 (Prop_lut4_I3_O)        0.124    74.216 r  u_dut/u_snapshot/u_class/c24_mem_chf[31]_i_379/O
                         net (fo=1, routed)           0.000    74.216    u_dut/u_snapshot/u_class/c24_mem_chf[31]_i_379_n_0
    SLICE_X46Y180        CARRY4 (Prop_carry4_S[3]_CO[3])
                                                      0.376    74.592 r  u_dut/u_snapshot/u_class/c24_mem_chf_reg[31]_i_364/CO[3]
                         net (fo=1, routed)           0.000    74.592    u_dut/u_snapshot/u_class/c24_mem_chf_reg[31]_i_364_n_0
    SLICE_X46Y181        CARRY4 (Prop_carry4_CI_CO[3])
                                                      0.117    74.709 r  u_dut/u_snapshot/u_class/c24_mem_chf_reg[35]_i_196/CO[3]
                         net (fo=1, routed)           0.000    74.709    u_dut/u_snapshot/u_class/c24_mem_chf_reg[35]_i_196_n_0
    SLICE_X46Y182        CARRY4 (Prop_carry4_CI_CO[3])
                                                      0.117    74.826 r  u_dut/u_snapshot/u_class/c24_mem_chf_reg[39]_i_159/CO[3]
                         net (fo=1, routed)           0.000    74.826    u_dut/u_snapshot/u_class/c24_mem_chf_reg[39]_i_159_n_0
    SLICE_X46Y183        CARRY4 (Prop_carry4_CI_CO[3])
                                                      0.117    74.943 r  u_dut/u_snapshot/u_class/c24_mem_chf_reg[43]_i_159/CO[3]
                         net (fo=1, routed)           0.000    74.943    u_dut/u_snapshot/u_class/c24_mem_chf_reg[43]_i_159_n_0
    SLICE_X46Y184        CARRY4 (Prop_carry4_CI_CO[3])
                                                      0.117    75.060 r  u_dut/u_snapshot/u_class/c24_mem_chf_reg[47]_i_159/CO[3]
                         net (fo=1, routed)           0.000    75.060    u_dut/u_snapshot/u_class/c24_mem_chf_reg[47]_i_159_n_0
    SLICE_X46Y185        CARRY4 (Prop_carry4_CI_O[0])
                                                      0.219    75.279 r  u_dut/u_snapshot/u_class/c24_mem_chf_reg[51]_i_159/O[0]
                         net (fo=2, routed)           1.277    76.556    u_dut_n_2279
    SLICE_X43Y188        LUT3 (Prop_lut3_I2_O)        0.295    76.851 r  c24_mem_chf[47]_i_137/O
                         net (fo=2, routed)           0.740    77.591    c24_mem_chf[47]_i_137_n_0
    SLICE_X41Y186        LUT4 (Prop_lut4_I3_O)        0.124    77.715 r  c24_mem_chf[47]_i_141/O
                         net (fo=1, routed)           0.000    77.715    u_dut/u_snapshot/u_class/c24_mem_chf[43]_i_68_0[1]
    SLICE_X41Y186        CARRY4 (Prop_carry4_S[1]_CO[3])
                                                      0.550    78.265 r  u_dut/u_snapshot/u_class/c24_mem_chf_reg[47]_i_127/CO[3]
                         net (fo=1, routed)           0.000    78.265    u_dut/u_snapshot/u_class/c24_mem_chf_reg[47]_i_127_n_0
    SLICE_X41Y187        CARRY4 (Prop_carry4_CI_O[0])
                                                      0.222    78.487 r  u_dut/u_snapshot/u_class/c24_mem_chf_reg[51]_i_127/O[0]
                         net (fo=2, routed)           1.309    79.796    u_dut_n_2858
    SLICE_X36Y184        LUT3 (Prop_lut3_I1_O)        0.299    80.095 r  c24_mem_chf[47]_i_68/O
                         net (fo=2, routed)           0.725    80.820    c24_mem_chf[47]_i_68_n_0
    SLICE_X37Y181        LUT4 (Prop_lut4_I3_O)        0.124    80.944 r  c24_mem_chf[47]_i_72/O
                         net (fo=1, routed)           0.000    80.944    u_dut/u_snapshot/u_class/c24_mem_chf[43]_i_19_0[1]
    SLICE_X37Y181        CARRY4 (Prop_carry4_S[1]_CO[3])
                                                      0.550    81.494 r  u_dut/u_snapshot/u_class/c24_mem_chf_reg[47]_i_49/CO[3]
                         net (fo=1, routed)           0.000    81.494    u_dut/u_snapshot/u_class/c24_mem_chf_reg[47]_i_49_n_0
    SLICE_X37Y182        CARRY4 (Prop_carry4_CI_CO[3])
                                                      0.114    81.608 r  u_dut/u_snapshot/u_class/c24_mem_chf_reg[51]_i_49/CO[3]
                         net (fo=1, routed)           0.000    81.608    u_dut/u_snapshot/u_class/c24_mem_chf_reg[51]_i_49_n_0
    SLICE_X37Y183        CARRY4 (Prop_carry4_CI_O[1])
                                                      0.334    81.942 r  u_dut/u_snapshot/u_class/c24_mem_chf_reg[55]_i_49/O[1]
                         net (fo=2, routed)           1.288    83.230    u_dut_n_3417
    SLICE_X28Y180        LUT3 (Prop_lut3_I0_O)        0.303    83.533 r  c24_mem_chf[51]_i_18/O
                         net (fo=2, routed)           1.233    84.766    c24_mem_chf[51]_i_18_n_0
    SLICE_X29Y183        LUT4 (Prop_lut4_I3_O)        0.124    84.890 r  c24_mem_chf[51]_i_22/O
                         net (fo=1, routed)           0.000    84.890    c24_mem_chf[51]_i_22_n_0
    SLICE_X29Y183        CARRY4 (Prop_carry4_S[2]_CO[3])
                                                      0.398    85.288 r  c24_mem_chf_reg[51]_i_13/CO[3]
                         net (fo=1, routed)           0.000    85.288    c24_mem_chf_reg[51]_i_13_n_0
    SLICE_X29Y184        CARRY4 (Prop_carry4_CI_O[3])
                                                      0.313    85.601 r  c24_mem_chf_reg[55]_i_13/O[3]
                         net (fo=2, routed)           1.263    86.864    u_dut/u_snapshot/u_class/c24_mem_chf_reg[51]_i_2_0[3]
    SLICE_X32Y180        LUT3 (Prop_lut3_I0_O)        0.306    87.170 r  u_dut/u_snapshot/u_class/c24_mem_chf[55]_i_7/O
                         net (fo=2, routed)           0.547    87.717    u_dut/u_snapshot/u_class/c24_mem_chf[55]_i_7_n_0
    SLICE_X31Y183        LUT4 (Prop_lut4_I3_O)        0.124    87.841 r  u_dut/u_snapshot/u_class/c24_mem_chf[55]_i_11/O
                         net (fo=1, routed)           0.000    87.841    u_dut/u_snapshot/u_class/c24_mem_chf[55]_i_11_n_0
    SLICE_X31Y183        CARRY4 (Prop_carry4_S[0]_CO[3])
                                                      0.532    88.373 r  u_dut/u_snapshot/u_class/c24_mem_chf_reg[55]_i_2/CO[3]
                         net (fo=1, routed)           0.000    88.373    u_dut/u_snapshot/u_class/c24_mem_chf_reg[55]_i_2_n_0
    SLICE_X31Y184        CARRY4 (Prop_carry4_CI_O[2])
                                                      0.239    88.612 f  u_dut/u_snapshot/u_class/c24_mem_chf_reg[59]_i_2/O[2]
                         net (fo=3, routed)           1.314    89.926    u_dut/u_snapshot/u_class/c24_mem_chf_reg[59]_i_2_n_5
    SLICE_X44Y187        LUT1 (Prop_lut1_I0_O)        0.302    90.228 r  u_dut/u_snapshot/u_class/c24_mem_chf[60]_i_6/O
                         net (fo=1, routed)           0.000    90.228    u_dut/u_snapshot/u_class/c24_mem_chf[60]_i_6_n_0
    SLICE_X44Y187        CARRY4 (Prop_carry4_S[1]_CO[3])
                                                      0.550    90.778 r  u_dut/u_snapshot/u_class/c24_mem_chf_reg[60]_i_2/CO[3]
                         net (fo=1, routed)           0.000    90.778    u_dut/u_snapshot/u_class/c24_mem_chf_reg[60]_i_2_n_0
    SLICE_X44Y188        CARRY4 (Prop_carry4_CI_O[1])
                                                      0.334    91.112 r  u_dut/u_snapshot/u_class/c24_mem_chf_reg[63]_i_2/O[1]
                         net (fo=1, routed)           0.421    91.533    u_dut/u_snapshot/u_class/c24_mem_chf_reg[63]_i_2_n_6
    SLICE_X43Y189        LUT5 (Prop_lut5_I0_O)        0.303    91.836 r  u_dut/u_snapshot/u_class/c24_mem_chf[62]_i_1/O
                         net (fo=5, routed)           1.859    93.695    u_dut/u_snapshot/u_class/c24_mem_chf_next[62]
    SLICE_X46Y171        LUT4 (Prop_lut4_I3_O)        0.124    93.819 r  u_dut/u_snapshot/u_class/pred_class[0]_i_9/O
                         net (fo=1, routed)           0.000    93.819    u_dut/u_snapshot/u_class/pred_class[0]_i_9_n_0
    SLICE_X46Y171        CARRY4 (Prop_carry4_S[3]_CO[3])
                                                      0.376    94.195 r  u_dut/u_snapshot/u_class/pred_class_reg[0]_i_2/CO[3]
                         net (fo=193, routed)         3.497    97.692    u_dut/u_snapshot/u_class/pred_class_reg[0]_i_2_n_0
    SLICE_X53Y163        LUT3 (Prop_lut3_I1_O)        0.150    97.842 f  u_dut/u_snapshot/u_class/pred_class[1]_i_268/O
                         net (fo=3, routed)           0.607    98.449    u_dut/u_snapshot/u_class/c24_best_score[6]
    SLICE_X51Y163        LUT6 (Prop_lut6_I1_O)        0.326    98.775 r  u_dut/u_snapshot/u_class/pred_class[1]_i_251/O
                         net (fo=1, routed)           0.541    99.316    u_dut/u_snapshot/u_class/pred_class[1]_i_251_n_0
    SLICE_X50Y168        CARRY4 (Prop_carry4_DI[3]_CO[3])
                                                      0.396    99.712 r  u_dut/u_snapshot/u_class/pred_class_reg[1]_i_218/CO[3]
                         net (fo=1, routed)           0.000    99.712    u_dut/u_snapshot/u_class/pred_class_reg[1]_i_218_n_0
    SLICE_X50Y169        CARRY4 (Prop_carry4_CI_CO[3])
                                                      0.117    99.829 r  u_dut/u_snapshot/u_class/pred_class_reg[1]_i_184/CO[3]
                         net (fo=1, routed)           0.000    99.829    u_dut/u_snapshot/u_class/pred_class_reg[1]_i_184_n_0
    SLICE_X50Y170        CARRY4 (Prop_carry4_CI_CO[3])
                                                      0.117    99.946 r  u_dut/u_snapshot/u_class/pred_class_reg[1]_i_150/CO[3]
                         net (fo=1, routed)           0.000    99.946    u_dut/u_snapshot/u_class/pred_class_reg[1]_i_150_n_0
    SLICE_X50Y171        CARRY4 (Prop_carry4_CI_CO[3])
                                                      0.117   100.063 r  u_dut/u_snapshot/u_class/pred_class_reg[1]_i_116/CO[3]
                         net (fo=1, routed)           0.000   100.063    u_dut/u_snapshot/u_class/pred_class_reg[1]_i_116_n_0
    SLICE_X50Y172        CARRY4 (Prop_carry4_CI_CO[3])
                                                      0.117   100.180 r  u_dut/u_snapshot/u_class/pred_class_reg[1]_i_82/CO[3]
                         net (fo=1, routed)           0.000   100.180    u_dut/u_snapshot/u_class/pred_class_reg[1]_i_82_n_0
    SLICE_X50Y173        CARRY4 (Prop_carry4_CI_CO[3])
                                                      0.117   100.297 r  u_dut/u_snapshot/u_class/pred_class_reg[1]_i_48/CO[3]
                         net (fo=1, routed)           0.000   100.297    u_dut/u_snapshot/u_class/pred_class_reg[1]_i_48_n_0
    SLICE_X50Y174        CARRY4 (Prop_carry4_CI_CO[3])
                                                      0.117   100.414 r  u_dut/u_snapshot/u_class/pred_class_reg[1]_i_14/CO[3]
                         net (fo=1, routed)           0.009   100.423    u_dut/u_snapshot/u_class/pred_class_reg[1]_i_14_n_0
    SLICE_X50Y175        CARRY4 (Prop_carry4_CI_CO[3])
                                                      0.117   100.540 r  u_dut/u_snapshot/u_class/pred_class_reg[1]_i_4/CO[3]
                         net (fo=130, routed)         3.273   103.813    u_dut/u_snapshot/u_class/pred_class_reg[1]_i_4_n_0
    SLICE_X52Y164        LUT5 (Prop_lut5_I1_O)        0.124   103.937 f  u_dut/u_snapshot/u_class/pred_class[1]_i_239/O
                         net (fo=1, routed)           0.669   104.606    u_dut/u_snapshot/u_class/c24_best_score0_out[10]
    SLICE_X52Y164        LUT6 (Prop_lut6_I1_O)        0.124   104.730 r  u_dut/u_snapshot/u_class/pred_class[1]_i_196/O
                         net (fo=1, routed)           0.642   105.372    u_dut/u_snapshot/u_class/pred_class[1]_i_196_n_0
    SLICE_X48Y166        CARRY4 (Prop_carry4_DI[1]_CO[3])
                                                      0.507   105.879 r  u_dut/u_snapshot/u_class/pred_class_reg[1]_i_159/CO[3]
                         net (fo=1, routed)           0.000   105.879    u_dut/u_snapshot/u_class/pred_class_reg[1]_i_159_n_0
    SLICE_X48Y167        CARRY4 (Prop_carry4_CI_CO[3])
                                                      0.114   105.993 r  u_dut/u_snapshot/u_class/pred_class_reg[1]_i_125/CO[3]
                         net (fo=1, routed)           0.000   105.993    u_dut/u_snapshot/u_class/pred_class_reg[1]_i_125_n_0
    SLICE_X48Y168        CARRY4 (Prop_carry4_CI_CO[3])
                                                      0.114   106.107 r  u_dut/u_snapshot/u_class/pred_class_reg[1]_i_91/CO[3]
                         net (fo=1, routed)           0.000   106.107    u_dut/u_snapshot/u_class/pred_class_reg[1]_i_91_n_0
    SLICE_X48Y169        CARRY4 (Prop_carry4_CI_CO[3])
                                                      0.114   106.221 r  u_dut/u_snapshot/u_class/pred_class_reg[1]_i_57/CO[3]
                         net (fo=1, routed)           0.000   106.221    u_dut/u_snapshot/u_class/pred_class_reg[1]_i_57_n_0
    SLICE_X48Y170        CARRY4 (Prop_carry4_CI_CO[3])
                                                      0.114   106.335 r  u_dut/u_snapshot/u_class/pred_class_reg[1]_i_23/CO[3]
                         net (fo=1, routed)           0.000   106.335    u_dut/u_snapshot/u_class/pred_class_reg[1]_i_23_n_0
    SLICE_X48Y171        CARRY4 (Prop_carry4_CI_CO[3])
                                                      0.114   106.449 r  u_dut/u_snapshot/u_class/pred_class_reg[1]_i_5/CO[3]
                         net (fo=1, routed)           0.000   106.449    u_dut/u_snapshot/u_class/pred_class_reg[1]_i_5_n_0
    SLICE_X48Y172        CARRY4 (Prop_carry4_CI_CO[3])
                                                      0.114   106.563 r  u_dut/u_snapshot/u_class/pred_class_reg[1]_i_2/CO[3]
                         net (fo=2, routed)           3.292   109.855    u_dut/u_snapshot/u_class/pred_class_reg[1]_i_2_n_0
    SLICE_X60Y121        LUT5 (Prop_lut5_I4_O)        0.124   109.979 r  u_dut/u_snapshot/u_class/pred_class[0]_i_3/O
                         net (fo=1, routed)           1.967   111.946    u_dut/u_snapshot/u_class/pred_class[0]_i_3_n_0
    SLICE_X45Y162        LUT6 (Prop_lut6_I2_O)        0.124   112.070 r  u_dut/u_snapshot/u_class/pred_class[0]_i_1/O
                         net (fo=1, routed)           0.000   112.070    u_dut/u_snapshot/u_class/pred_class[0]_i_1_n_0
    SLICE_X45Y162        FDRE                                         r  u_dut/u_snapshot/u_class/pred_class_reg[0]/D
  -------------------------------------------------------------------    -------------------

                         (clock core_clk_1mhz rise edge)
                                                   1000.000  1000.000 r  
    E3                                                0.000  1000.000 r  CLK100MHZ (IN)
                         net (fo=0)                   0.000  1000.000    CLK100MHZ
    E3                   IBUF (Prop_ibuf_I_O)         1.411  1001.411 r  CLK100MHZ_IBUF_inst/O
                         net (fo=1, routed)           1.920  1003.331    CLK100MHZ_IBUF
    BUFGCTRL_X0Y16       BUFG (Prop_bufg_I_O)         0.091  1003.422 r  CLK100MHZ_IBUF_BUFG_inst/O
                         net (fo=9, routed)           1.513  1004.936    CLK100MHZ_IBUF_BUFG
    SLICE_X47Y96         FDRE (Prop_fdre_C_Q)         0.367  1005.303 r  core_clk_raw_reg/Q
                         net (fo=2, routed)           0.759  1006.062    core_clk_raw
    BUFGCTRL_X0Y0        BUFG (Prop_bufg_I_O)         0.091  1006.153 r  u_core_clk_buf/O
                         net (fo=2830, routed)        1.672  1007.825    u_dut/u_snapshot/u_class/core_clk
    SLICE_X45Y162        FDRE                                         r  u_dut/u_snapshot/u_class/pred_class_reg[0]/C
                         clock pessimism              0.582  1008.407    
                         clock uncertainty           -0.035  1008.372    
    SLICE_X45Y162        FDRE (Setup_fdre_C_D)        0.029  1008.401    u_dut/u_snapshot/u_class/pred_class_reg[0]
  -------------------------------------------------------------------
                         required time                       1008.401    
                         arrival time                        -112.070    
  -------------------------------------------------------------------
                         slack                                896.331    





Min Delay Paths
--------------------------------------------------------------------------------------
Slack (MET) :             0.032ns  (arrival time - required time)
  Source:                 u_dut/u_snapshot/u_class/rdm_code_seg_sum_reg[10]/C
                            (rising edge-triggered cell FDRE clocked by core_clk_1mhz  {rise@0.000ns fall@500.000ns period=1000.000ns})
  Destination:            u_dut/u_snapshot/u_class/rdm_code_seg_sum_reg[12]/D
                            (rising edge-triggered cell FDRE clocked by core_clk_1mhz  {rise@0.000ns fall@500.000ns period=1000.000ns})
  Path Group:             core_clk_1mhz
  Path Type:              Hold (Min at Fast Process Corner)
  Requirement:            0.000ns  (core_clk_1mhz rise@0.000ns - core_clk_1mhz rise@0.000ns)
  Data Path Delay:        0.479ns  (logic 0.355ns (74.045%)  route 0.124ns (25.955%))
  Logic Levels:           2  (CARRY4=2)
  Clock Path Skew:        0.342ns (DCD - SCD - CPR)
    Destination Clock Delay (DCD):    3.508ns
    Source Clock Delay      (SCD):    2.567ns
    Clock Pessimism Removal (CPR):    0.598ns

    Location             Delay type                Incr(ns)  Path(ns)    Netlist Resource(s)
  -------------------------------------------------------------------    -------------------
                         (clock core_clk_1mhz rise edge)
                                                      0.000     0.000 r  
    E3                                                0.000     0.000 r  CLK100MHZ (IN)
                         net (fo=0)                   0.000     0.000    CLK100MHZ
    E3                   IBUF (Prop_ibuf_I_O)         0.250     0.250 r  CLK100MHZ_IBUF_inst/O
                         net (fo=1, routed)           0.644     0.894    CLK100MHZ_IBUF
    BUFGCTRL_X0Y16       BUFG (Prop_bufg_I_O)         0.026     0.920 r  CLK100MHZ_IBUF_BUFG_inst/O
                         net (fo=9, routed)           0.566     1.485    CLK100MHZ_IBUF_BUFG
    SLICE_X47Y96         FDRE (Prop_fdre_C_Q)         0.141     1.626 r  core_clk_raw_reg/Q
                         net (fo=2, routed)           0.318     1.944    core_clk_raw
    BUFGCTRL_X0Y0        BUFG (Prop_bufg_I_O)         0.026     1.970 r  u_core_clk_buf/O
                         net (fo=2830, routed)        0.597     2.567    u_dut/u_snapshot/u_class/core_clk
    SLICE_X79Y149        FDRE                                         r  u_dut/u_snapshot/u_class/rdm_code_seg_sum_reg[10]/C
  -------------------------------------------------------------------    -------------------
    SLICE_X79Y149        FDRE (Prop_fdre_C_Q)         0.141     2.708 r  u_dut/u_snapshot/u_class/rdm_code_seg_sum_reg[10]/Q
                         net (fo=2, routed)           0.124     2.832    u_dut/u_snapshot/u_class/rdm_code_seg_sum_reg[10]
    SLICE_X79Y149        CARRY4 (Prop_carry4_S[2]_CO[3])
                                                      0.160     2.992 r  u_dut/u_snapshot/u_class/rdm_code_seg_sum_reg[8]_i_1/CO[3]
                         net (fo=1, routed)           0.001     2.993    u_dut/u_snapshot/u_class/rdm_code_seg_sum_reg[8]_i_1_n_0
    SLICE_X79Y150        CARRY4 (Prop_carry4_CI_O[0])
                                                      0.054     3.047 r  u_dut/u_snapshot/u_class/rdm_code_seg_sum_reg[12]_i_1/O[0]
                         net (fo=1, routed)           0.000     3.047    u_dut/u_snapshot/u_class/rdm_code_seg_sum_reg[12]_i_1_n_7
    SLICE_X79Y150        FDRE                                         r  u_dut/u_snapshot/u_class/rdm_code_seg_sum_reg[12]/D
  -------------------------------------------------------------------    -------------------

                         (clock core_clk_1mhz rise edge)
                                                      0.000     0.000 r  
    E3                                                0.000     0.000 r  CLK100MHZ (IN)
                         net (fo=0)                   0.000     0.000    CLK100MHZ
    E3                   IBUF (Prop_ibuf_I_O)         0.438     0.438 r  CLK100MHZ_IBUF_inst/O
                         net (fo=1, routed)           0.699     1.136    CLK100MHZ_IBUF
    BUFGCTRL_X0Y16       BUFG (Prop_bufg_I_O)         0.029     1.165 r  CLK100MHZ_IBUF_BUFG_inst/O
                         net (fo=9, routed)           0.837     2.002    CLK100MHZ_IBUF_BUFG
    SLICE_X47Y96         FDRE (Prop_fdre_C_Q)         0.175     2.177 r  core_clk_raw_reg/Q
                         net (fo=2, routed)           0.358     2.535    core_clk_raw
    BUFGCTRL_X0Y0        BUFG (Prop_bufg_I_O)         0.029     2.564 r  u_core_clk_buf/O
                         net (fo=2830, routed)        0.944     3.508    u_dut/u_snapshot/u_class/core_clk
    SLICE_X79Y150        FDRE                                         r  u_dut/u_snapshot/u_class/rdm_code_seg_sum_reg[12]/C
                         clock pessimism             -0.598     2.910    
    SLICE_X79Y150        FDRE (Hold_fdre_C_D)         0.105     3.015    u_dut/u_snapshot/u_class/rdm_code_seg_sum_reg[12]
  -------------------------------------------------------------------
                         required time                         -3.015    
                         arrival time                           3.047    
  -------------------------------------------------------------------
                         slack                                  0.032    





Pulse Width Checks
--------------------------------------------------------------------------------------
Clock Name:         core_clk_1mhz
Waveform(ns):       { 0.000 500.000 }
Period(ns):         1000.000
Sources:            { u_core_clk_buf/O }

Check Type        Corner  Lib Pin      Reference Pin  Required(ns)  Actual(ns)  Slack(ns)  Location       Pin
Min Period        n/a     FDRE/C       n/a            1.000         1000.000    999.000    SLICE_X4Y90    btn_meta_reg/C
Low Pulse Width   Fast    SRLC32E/CLK  n/a            0.980         500.000     499.020    SLICE_X12Y181  u_dut/u_snapshot/u_qrs_maf/pre_energy_sr_reg[117][0]_srl22___u_dut_u_snapshot_u_qrs_maf_pre_flip_sr_reg_r_116/CLK
High Pulse Width  Slow    SRLC32E/CLK  n/a            0.980         500.000     499.020    SLICE_X12Y181  u_dut/u_snapshot/u_qrs_maf/pre_energy_sr_reg[117][0]_srl22___u_dut_u_snapshot_u_qrs_maf_pre_flip_sr_reg_r_116/CLK



