Copyright 1986-2020 Xilinx, Inc. All Rights Reserved.
----------------------------------------------------------------------------------------------------------------------------------------------------------------------------------------------------------
| Tool Version : Vivado v.2020.2 (win64) Build 3064766 Wed Nov 18 09:12:45 MST 2020
| Date         : Mon Jun 29 03:50:46 2026
| Host         : DESKTOP-F81OJT8 running 64-bit major release  (build 9200)
| Command      : report_utilization -hierarchical -file C:/Users/YangGeon/SNN_ECG_RESTORE_MODEL_S/results/final_membrane_30min_recordwise/synth/snn_ecg_30min_record_final_synth_top_utilization_hier.rpt
| Design       : snn_ecg_30min_record_final_synth_top
| Device       : 7a100tcsg324-1
| Design State : Synthesized
----------------------------------------------------------------------------------------------------------------------------------------------------------------------------------------------------------

Utilization Design Information

Table of Contents
-----------------
1. Utilization by Hierarchy

1. Utilization by Hierarchy
---------------------------

+------------------------------------------+-----------------------------------+------------+------------+---------+------+------+--------+--------+------------+
|                 Instance                 |               Module              | Total LUTs | Logic LUTs | LUTRAMs | SRLs |  FFs | RAMB36 | RAMB18 | DSP Blocks |
+------------------------------------------+-----------------------------------+------------+------------+---------+------+------+--------+--------+------------+
| snn_ecg_30min_record_final_synth_top     |                             (top) |      20256 |      20220 |       0 |   36 | 2259 |      0 |      0 |          0 |
|   (snn_ecg_30min_record_final_synth_top) |                             (top) |       5553 |       5553 |       0 |    0 |    0 |      0 |      0 |          0 |
|   u_chunk_top                            |           snn_ecg_30min_final_top |      14899 |      14863 |       0 |   36 | 2127 |      0 |      0 |          0 |
|     (u_chunk_top)                        |           snn_ecg_30min_final_top |         60 |         60 |       0 |    0 |   50 |      0 |      0 |          0 |
|     u_final                              |              final_membrane_layer |         42 |         42 |       0 |    0 |   25 |      0 |      0 |          0 |
|     u_snapshot                           |                 snn_ecg_3feat_top |      14797 |      14761 |       0 |   36 | 2052 |      0 |      0 |          0 |
|       (u_snapshot)                       |                 snn_ecg_3feat_top |          1 |          1 |       0 |    0 |    2 |      0 |      0 |          0 |
|       u_class                            |               class_score_neurons |       9037 |       9037 |       0 |    0 | 1050 |      0 |      0 |          0 |
|       u_dscr                             |                dscr_spike_counter |        317 |        317 |       0 |    0 |   77 |      0 |      0 |          0 |
|       u_ectopic                          |               ectopic_pair_neuron |        121 |        121 |       0 |    0 |   19 |      0 |      0 |          0 |
|       u_event_encoder                    |        ecg_event_encoder_adaptive |        273 |        273 |       0 |    0 |  237 |      0 |      0 |          0 |
|       u_pnn                              |              pnn_rhythm_predictor |        533 |        533 |       0 |    0 |   66 |      0 |      0 |          0 |
|       u_qrs_detector                     |                  qrs_lif_detector |         46 |         46 |       0 |    0 |   21 |      0 |      0 |          0 |
|       u_qrs_maf                          |                    qrs_maf_neuron |        859 |        823 |       0 |   36 |  388 |      0 |      0 |          0 |
|       u_ram                              |              ram_peak_accumulator |        462 |        462 |       0 |    0 |   29 |      0 |      0 |          0 |
|       u_rbbb_qrs_delay                   |               rbbb_qrs_delay_bank |        781 |        781 |       0 |    0 |   87 |      0 |      0 |          0 |
|       u_rdm                              |            rdm_variability_neuron |       2591 |       2591 |       0 |    0 |   76 |      0 |      0 |          0 |
|   u_record_mem                           | record_level_final_membrane_layer |         53 |         53 |       0 |    0 |  132 |      0 |      0 |          0 |
+------------------------------------------+-----------------------------------+------------+------------+---------+------+------+--------+--------+------------+


